<?xml version="1.0" encoding="UTF-8"?>
<testng-results ignored="0" total="1" passed="1" failed="0" skipped="0">
  <reporter-output>
  </reporter-output>
  <suite started-at="2022-03-12T22:23:33 CST" name="Default suite" finished-at="2022-03-12T22:23:40 CST" duration-ms="6972">
    <groups>
    </groups>
    <test started-at="2022-03-12T22:23:33 CST" name="Default test" finished-at="2022-03-12T22:23:40 CST" duration-ms="6972">
      <class name="variousConcepts.CrmTest">
        <test-method is-config="true" signature="readConfig()[pri:0, instance:variousConcepts.CrmTest@4d5b6aac]" started-at="2022-03-12T22:23:33 CST" name="readConfig" finished-at="2022-03-12T22:23:33 CST" duration-ms="11" status="PASS">
          <reporter-output>
          </reporter-output>
        </test-method> <!-- readConfig -->
        <test-method is-config="true" signature="init()[pri:0, instance:variousConcepts.CrmTest@4d5b6aac]" started-at="2022-03-12T22:23:33 CST" name="init" finished-at="2022-03-12T22:23:36 CST" duration-ms="2975" status="PASS">
          <reporter-output>
          </reporter-output>
        </test-method> <!-- init -->
        <test-method signature="addCustomerTest()[pri:2, instance:variousConcepts.CrmTest@4d5b6aac]" started-at="2022-03-12T22:23:36 CST" name="addCustomerTest" finished-at="2022-03-12T22:23:40 CST" duration-ms="3934" status="PASS">
          <reporter-output>
          </reporter-output>
        </test-method> <!-- addCustomerTest -->
      </class> <!-- variousConcepts.CrmTest -->
    </test> <!-- Default test -->
  </suite> <!-- Default suite -->
</testng-results>
